<?xml version="1.0" encoding="UTF-8"?>
<testng-results ignored="0" total="1" passed="1" failed="0" skipped="0">
  <reporter-output>
  </reporter-output>
  <suite started-at="2025-02-07T23:53:35 IST" name="Default suite" finished-at="2025-02-07T23:53:47 IST" duration-ms="11973">
    <groups>
    </groups>
    <test started-at="2025-02-07T23:53:35 IST" name="Default test" finished-at="2025-02-07T23:53:47 IST" duration-ms="11973">
      <class name="com.qa.testcases.AdminPagetest">
        <test-method is-config="true" signature="setUp()[pri:0, instance:com.qa.testcases.AdminPagetest@ec50f54]" started-at="2025-02-07T23:53:35 IST" name="setUp" finished-at="2025-02-07T23:53:42 IST" duration-ms="7308" status="PASS">
          <reporter-output>
          </reporter-output>
        </test-method> <!-- setUp -->
        <test-method signature="Initilizewebsite_test()[pri:0, instance:com.qa.testcases.AdminPagetest@ec50f54]" started-at="2025-02-07T23:53:42 IST" name="Initilizewebsite_test" finished-at="2025-02-07T23:53:47 IST" duration-ms="4392" status="PASS">
          <reporter-output>
          </reporter-output>
        </test-method> <!-- Initilizewebsite_test -->
        <test-method is-config="true" signature="teardown()[pri:0, instance:com.qa.testcases.AdminPagetest@ec50f54]" started-at="2025-02-07T23:53:47 IST" name="teardown" finished-at="2025-02-07T23:53:47 IST" duration-ms="237" status="PASS">
          <reporter-output>
          </reporter-output>
        </test-method> <!-- teardown -->
      </class> <!-- com.qa.testcases.AdminPagetest -->
    </test> <!-- Default test -->
  </suite> <!-- Default suite -->
</testng-results>
